Removed Pin From Net: NetName=ROW4 Pin=-8
Removed Pin From Net: NetName=ROW3 Pin=-9
Removed Pin From Net: NetName=ROW2 Pin=-10
Removed Pin From Net: NetName=ROW1 Pin=-11
Removed Pin From Net: NetName=ROW7 Pin=-12
Removed Pin From Net: NetName=COL6 Pin=-22
Removed Pin From Net: NetName=COL5 Pin=-25
Removed Pin From Net: NetName=ROW5 Pin=-28
Removed Pin From Net: NetName=ROW6 Pin=-30
Removed Pin From Net: NetName=COL9 Pin=-31
Removed Pin From Net: NetName=COL10 Pin=-32
Removed Pin From Net: NetName=COL12 Pin=-40
Removed Pin From Net: NetName=COL11 Pin=-41
Added Pin To Net: NetName=+5 Pin=-7
Added Pin To Net: NetName=ROW5 Pin=-8
Added Pin To Net: NetName=ROW4 Pin=-9
Added Pin To Net: NetName=ROW3 Pin=-10
Added Pin To Net: NetName=ROW2 Pin=-11
Added Pin To Net: NetName=ROW1 Pin=-12
Added Pin To Net: NetName=COL5 Pin=-22
Added Pin To Net: NetName=COL6 Pin=-25
Added Pin To Net: NetName=COL9 Pin=-28
Added Pin To Net: NetName=COL10 Pin=-30
Added Pin To Net: NetName=COL11 Pin=-31
Added Pin To Net: NetName=COL12 Pin=-32
Added Pin To Net: NetName=ROW7 Pin=-40
Added Pin To Net: NetName=ROW6 Pin=-41
Added Room: Name=Core_1
