Added Component: Designator=*(Core Connector)
Add component. Clean all parameters for all variants
Added Component: Designator=16MHz(HC-49S)
Add component. Clean all parameters for all variants
Added Component: Designator=32U4(32U4)
Add component. Clean all parameters for all variants
Added Component: Designator=C1(1206_C)
Add component. Clean all parameters for all variants
Add component (AddParameter): Name = "ComponentLink1Description"; Value = "供应商链接"; VariantName = "[No Variations]"
Add component (AddParameter): Name = "ComponentLink1URL"; Value = "http://www.szlcsc.com/product/details_2206.html"; VariantName = "[No Variations]"
Add component (AddParameter): Name = "Notepad"; Value = ""; VariantName = "[No Variations]"
Add component (AddParameter): Name = "Package"; Value = "1206"; VariantName = "[No Variations]"
Add component (AddParameter): Name = "Supplier"; Value = "LC"; VariantName = "[No Variations]"
Add component (AddParameter): Name = "SuppliersPartNumber"; Value = "C1854"; VariantName = "[No Variations]"
Added Component: Designator=C2(1206_C)
Add component. Clean all parameters for all variants
Add component (AddParameter): Name = "ComponentLink1Description"; Value = "供应商链接"; VariantName = "[No Variations]"
Add component (AddParameter): Name = "ComponentLink1URL"; Value = "http://www.szlcsc.com/product/details_2206.html"; VariantName = "[No Variations]"
Add component (AddParameter): Name = "Notepad"; Value = ""; VariantName = "[No Variations]"
Add component (AddParameter): Name = "Package"; Value = "1206"; VariantName = "[No Variations]"
Add component (AddParameter): Name = "Supplier"; Value = "LC"; VariantName = "[No Variations]"
Add component (AddParameter): Name = "SuppliersPartNumber"; Value = "C1854"; VariantName = "[No Variations]"
Added Component: Designator=C3(1206_C)
Add component. Clean all parameters for all variants
Add component (AddParameter): Name = "ComponentLink1Description"; Value = "供应商链接"; VariantName = "[No Variations]"
Add component (AddParameter): Name = "ComponentLink1URL"; Value = "http://www.szlcsc.com/product/details_2200.html"; VariantName = "[No Variations]"
Add component (AddParameter): Name = "Notepad"; Value = ""; VariantName = "[No Variations]"
Add component (AddParameter): Name = "Package"; Value = "1206"; VariantName = "[No Variations]"
Add component (AddParameter): Name = "Supplier"; Value = "LC"; VariantName = "[No Variations]"
Add component (AddParameter): Name = "SuppliersPartNumber"; Value = "C1848"; VariantName = "[No Variations]"
Added Component: Designator=C4(1206_C)
Add component. Clean all parameters for all variants
Add component (AddParameter): Name = "ComponentLink1Description"; Value = "供应商链接"; VariantName = "[No Variations]"
Add component (AddParameter): Name = "ComponentLink1URL"; Value = "http://www.szlcsc.com/product/details_25237.html"; VariantName = "[No Variations]"
Add component (AddParameter): Name = "Notepad"; Value = ""; VariantName = "[No Variations]"
Add component (AddParameter): Name = "Package"; Value = "1206"; VariantName = "[No Variations]"
Add component (AddParameter): Name = "Supplier"; Value = "LC"; VariantName = "[No Variations]"
Add component (AddParameter): Name = "SuppliersPartNumber"; Value = "C24497"; VariantName = "[No Variations]"
Added Component: Designator=C5(1206_C)
Add component. Clean all parameters for all variants
Add component (AddParameter): Name = "ComponentLink1Description"; Value = "供应商链接"; VariantName = "[No Variations]"
Add component (AddParameter): Name = "ComponentLink1URL"; Value = "http://www.szlcsc.com/product/details_25237.html"; VariantName = "[No Variations]"
Add component (AddParameter): Name = "Notepad"; Value = ""; VariantName = "[No Variations]"
Add component (AddParameter): Name = "Package"; Value = "1206"; VariantName = "[No Variations]"
Add component (AddParameter): Name = "Supplier"; Value = "LC"; VariantName = "[No Variations]"
Add component (AddParameter): Name = "SuppliersPartNumber"; Value = "C24497"; VariantName = "[No Variations]"
Added Component: Designator=C6(1206_C)
Add component. Clean all parameters for all variants
Add component (AddParameter): Name = "ComponentLink1Description"; Value = "供应商链接"; VariantName = "[No Variations]"
Add component (AddParameter): Name = "ComponentLink1URL"; Value = "http://www.szlcsc.com/product/details_25237.html"; VariantName = "[No Variations]"
Add component (AddParameter): Name = "Notepad"; Value = ""; VariantName = "[No Variations]"
Add component (AddParameter): Name = "Package"; Value = "1206"; VariantName = "[No Variations]"
Add component (AddParameter): Name = "Supplier"; Value = "LC"; VariantName = "[No Variations]"
Add component (AddParameter): Name = "SuppliersPartNumber"; Value = "C24497"; VariantName = "[No Variations]"
Added Component: Designator=C7(1206_C)
Add component. Clean all parameters for all variants
Add component (AddParameter): Name = "ComponentLink1Description"; Value = "供应商链接"; VariantName = "[No Variations]"
Add component (AddParameter): Name = "ComponentLink1URL"; Value = "http://www.szlcsc.com/product/details_25237.html"; VariantName = "[No Variations]"
Add component (AddParameter): Name = "Notepad"; Value = ""; VariantName = "[No Variations]"
Add component (AddParameter): Name = "Package"; Value = "1206"; VariantName = "[No Variations]"
Add component (AddParameter): Name = "Supplier"; Value = "LC"; VariantName = "[No Variations]"
Add component (AddParameter): Name = "SuppliersPartNumber"; Value = "C24497"; VariantName = "[No Variations]"
Added Component: Designator=C8(1206_C)
Add component. Clean all parameters for all variants
Add component (AddParameter): Name = "ComponentLink1Description"; Value = "供应商链接"; VariantName = "[No Variations]"
Add component (AddParameter): Name = "ComponentLink1URL"; Value = "http://www.szlcsc.com/product/details_25237.html"; VariantName = "[No Variations]"
Add component (AddParameter): Name = "Notepad"; Value = ""; VariantName = "[No Variations]"
Add component (AddParameter): Name = "Package"; Value = "1206"; VariantName = "[No Variations]"
Add component (AddParameter): Name = "Supplier"; Value = "LC"; VariantName = "[No Variations]"
Add component (AddParameter): Name = "SuppliersPartNumber"; Value = "C24497"; VariantName = "[No Variations]"
Added Component: Designator=R1(1206_R)
Add component. Clean all parameters for all variants
Add component (AddParameter): Name = "ComponentLink1Description"; Value = "供应商链接"; VariantName = "[No Variations]"
Add component (AddParameter): Name = "ComponentLink1URL"; Value = "http://www.szlcsc.com/product/details_18590.html"; VariantName = "[No Variations]"
Add component (AddParameter): Name = "Notepad"; Value = ""; VariantName = "[No Variations]"
Add component (AddParameter): Name = "Package"; Value = "1206"; VariantName = "[No Variations]"
Add component (AddParameter): Name = "Supplier"; Value = "LC"; VariantName = "[No Variations]"
Add component (AddParameter): Name = "SuppliersPartNumber"; Value = "C17902"; VariantName = "[No Variations]"
Added Pin To Net: NetName=+5 Pin=*-67
Added Pin To Net: NetName=+5 Pin=32U4-2
Added Pin To Net: NetName=+5 Pin=32U4-14
Added Pin To Net: NetName=+5 Pin=32U4-24
Added Pin To Net: NetName=+5 Pin=32U4-34
Added Pin To Net: NetName=+5 Pin=32U4-44
Added Pin To Net: NetName=+5 Pin=C4-1
Added Pin To Net: NetName=+5 Pin=C5-1
Added Pin To Net: NetName=+5 Pin=C6-1
Added Pin To Net: NetName=+5 Pin=C7-1
Added Pin To Net: NetName=+5 Pin=C8-1
Added Net: Name=+5
Added Pin To Net: NetName=CLED Pin=*-70
Added Pin To Net: NetName=CLED Pin=32U4-36
Added Net: Name=CLED
Added Pin To Net: NetName=COL1 Pin=*-2
Added Pin To Net: NetName=COL1 Pin=32U4-18
Added Net: Name=COL1
Added Pin To Net: NetName=COL2 Pin=*-4
Added Pin To Net: NetName=COL2 Pin=32U4-19
Added Net: Name=COL2
Added Pin To Net: NetName=COL3 Pin=*-6
Added Pin To Net: NetName=COL3 Pin=32U4-20
Added Net: Name=COL3
Added Pin To Net: NetName=COL4 Pin=*-8
Added Pin To Net: NetName=COL4 Pin=32U4-21
Added Net: Name=COL4
Added Pin To Net: NetName=COL5 Pin=*-10
Added Pin To Net: NetName=COL5 Pin=32U4-25
Added Net: Name=COL5
Added Pin To Net: NetName=COL6 Pin=*-12
Added Pin To Net: NetName=COL6 Pin=32U4-22
Added Net: Name=COL6
Added Pin To Net: NetName=COL7 Pin=*-14
Added Pin To Net: NetName=COL7 Pin=32U4-26
Added Net: Name=COL7
Added Pin To Net: NetName=COL8 Pin=*-16
Added Pin To Net: NetName=COL8 Pin=32U4-27
Added Net: Name=COL8
Added Pin To Net: NetName=COL9 Pin=*-18
Added Pin To Net: NetName=COL9 Pin=32U4-31
Added Net: Name=COL9
Added Pin To Net: NetName=COL10 Pin=*-20
Added Pin To Net: NetName=COL10 Pin=32U4-32
Added Net: Name=COL10
Added Pin To Net: NetName=COL11 Pin=*-22
Added Pin To Net: NetName=COL11 Pin=32U4-41
Added Net: Name=COL11
Added Pin To Net: NetName=COL12 Pin=*-24
Added Pin To Net: NetName=COL12 Pin=32U4-40
Added Net: Name=COL12
Added Pin To Net: NetName=COL13 Pin=*-26
Added Pin To Net: NetName=COL13 Pin=32U4-39
Added Net: Name=COL13
Added Pin To Net: NetName=COL14 Pin=*-28
Added Pin To Net: NetName=COL14 Pin=32U4-38
Added Net: Name=COL14
Added Pin To Net: NetName=COL15 Pin=*-30
Added Pin To Net: NetName=COL15 Pin=32U4-37
Added Net: Name=COL15
Added Pin To Net: NetName=D+ Pin=*-73
Added Pin To Net: NetName=D+ Pin=32U4-4
Added Net: Name=D+
Added Pin To Net: NetName=D- Pin=*-71
Added Pin To Net: NetName=D- Pin=32U4-3
Added Net: Name=D-
Added Pin To Net: NetName=GND Pin=*-35
Added Pin To Net: NetName=GND Pin=*-45
Added Pin To Net: NetName=GND Pin=*-51
Added Pin To Net: NetName=GND Pin=*-54
Added Pin To Net: NetName=GND Pin=*-57
Added Pin To Net: NetName=GND Pin=*-69
Added Pin To Net: NetName=GND Pin=*-75
Added Pin To Net: NetName=GND Pin=32U4-5
Added Pin To Net: NetName=GND Pin=32U4-15
Added Pin To Net: NetName=GND Pin=32U4-23
Added Pin To Net: NetName=GND Pin=32U4-35
Added Pin To Net: NetName=GND Pin=32U4-43
Added Pin To Net: NetName=GND Pin=C1-2
Added Pin To Net: NetName=GND Pin=C2-2
Added Pin To Net: NetName=GND Pin=C3-1
Added Pin To Net: NetName=GND Pin=C4-2
Added Pin To Net: NetName=GND Pin=C5-2
Added Pin To Net: NetName=GND Pin=C6-2
Added Pin To Net: NetName=GND Pin=C7-2
Added Pin To Net: NetName=GND Pin=C8-2
Added Pin To Net: NetName=GND Pin=R1-2
Added Net: Name=GND
Added Pin To Net: NetName=KLED Pin=*-68
Added Pin To Net: NetName=KLED Pin=32U4-29
Added Net: Name=KLED
Added Pin To Net: NetName=Net16MHz_1 Pin=16MHz-1
Added Pin To Net: NetName=Net16MHz_1 Pin=32U4-16
Added Pin To Net: NetName=Net16MHz_1 Pin=C1-1
Added Net: Name=Net16MHz_1
Added Pin To Net: NetName=Net16MHz_2 Pin=16MHz-2
Added Pin To Net: NetName=Net16MHz_2 Pin=32U4-17
Added Pin To Net: NetName=Net16MHz_2 Pin=C2-1
Added Net: Name=Net16MHz_2
Added Pin To Net: NetName=Net32U4_6 Pin=32U4-6
Added Pin To Net: NetName=Net32U4_6 Pin=C3-2
Added Net: Name=Net32U4_6
Added Pin To Net: NetName=Net32U4_33 Pin=32U4-33
Added Pin To Net: NetName=Net32U4_33 Pin=R1-1
Added Net: Name=Net32U4_33
Added Pin To Net: NetName=RESET Pin=*-33
Added Net: Name=RESET
Added Pin To Net: NetName=REST Pin=32U4-13
Added Net: Name=REST
Added Pin To Net: NetName=ROW1 Pin=*-1
Added Pin To Net: NetName=ROW1 Pin=32U4-8
Added Net: Name=ROW1
Added Pin To Net: NetName=ROW2 Pin=*-3
Added Pin To Net: NetName=ROW2 Pin=32U4-9
Added Net: Name=ROW2
Added Pin To Net: NetName=ROW3 Pin=*-5
Added Pin To Net: NetName=ROW3 Pin=32U4-10
Added Net: Name=ROW3
Added Pin To Net: NetName=ROW4 Pin=*-7
Added Pin To Net: NetName=ROW4 Pin=32U4-11
Added Net: Name=ROW4
Added Pin To Net: NetName=ROW5 Pin=*-9
Added Pin To Net: NetName=ROW5 Pin=32U4-28
Added Net: Name=ROW5
Added Pin To Net: NetName=ROW6 Pin=*-11
Added Pin To Net: NetName=ROW6 Pin=32U4-30
Added Net: Name=ROW6
Added Pin To Net: NetName=ROW7 Pin=*-13
Added Pin To Net: NetName=ROW7 Pin=32U4-12
Added Net: Name=ROW7
Added Class: Name=Core_1
Added Room: Name=Core_1
