Removed Pin From Net: NetName=GND Pin=-35
Removed Pin From Net: NetName=+5 Pin=C4-1
Removed Pin From Net: NetName=GND Pin=C4-2
Removed Pin From Net: NetName=+5 Pin=C5-1
Removed Pin From Net: NetName=GND Pin=C5-2
Removed Pin From Net: NetName=+5 Pin=C6-1
Removed Pin From Net: NetName=GND Pin=C6-2
Removed Pin From Net: NetName=+5 Pin=C7-1
Removed Pin From Net: NetName=GND Pin=C7-2
Removed Pin From Net: NetName=+5 Pin=C8-1
Removed Pin From Net: NetName=GND Pin=C8-2
Removed Member From Class: ClassName=Core_1 Member=C4
Removed Member From Class: ClassName=Core_1 Member=C5
Removed Member From Class: ClassName=Core_1 Member=C6
Removed Member From Class: ClassName=Core_1 Member=C7
Removed Member From Class: ClassName=Core_1 Member=C8
Added Component: Designator=GF(Core GoldFinger)
Add component. Clean all parameters for all variants
Added Pin To Net: NetName=ROW1 Pin=GF-1
Added Pin To Net: NetName=COL1 Pin=GF-2
Added Pin To Net: NetName=ROW2 Pin=GF-3
Added Pin To Net: NetName=COL2 Pin=GF-4
Added Pin To Net: NetName=ROW3 Pin=GF-5
Added Pin To Net: NetName=COL3 Pin=GF-6
Added Pin To Net: NetName=ROW4 Pin=GF-7
Added Pin To Net: NetName=COL4 Pin=GF-8
Added Pin To Net: NetName=ROW5 Pin=GF-9
Added Pin To Net: NetName=COL5 Pin=GF-10
Added Pin To Net: NetName=ROW6 Pin=GF-11
Added Pin To Net: NetName=COL6 Pin=GF-12
Added Pin To Net: NetName=ROW7 Pin=GF-13
Added Pin To Net: NetName=COL7 Pin=GF-14
Added Pin To Net: NetName=COL8 Pin=GF-16
Added Pin To Net: NetName=COL9 Pin=GF-18
Added Pin To Net: NetName=COL10 Pin=GF-20
Added Pin To Net: NetName=COL11 Pin=GF-22
Added Pin To Net: NetName=COL12 Pin=GF-24
Added Pin To Net: NetName=COL13 Pin=GF-26
Added Pin To Net: NetName=COL14 Pin=GF-28
Added Pin To Net: NetName=COL15 Pin=GF-30
Added Pin To Net: NetName=RESET Pin=GF-33
Added Pin To Net: NetName=GND Pin=GF-35
Added Pin To Net: NetName=GND Pin=GF-45
Added Pin To Net: NetName=GND Pin=GF-51
Added Pin To Net: NetName=GND Pin=GF-54
Added Pin To Net: NetName=GND Pin=GF-57
Added Pin To Net: NetName=+5 Pin=GF-67
Added Pin To Net: NetName=KLED Pin=GF-68
Added Pin To Net: NetName=GND Pin=GF-69
Added Pin To Net: NetName=CLED Pin=GF-70
Added Pin To Net: NetName=D- Pin=GF-71
Added Pin To Net: NetName=D+ Pin=GF-73
Added Pin To Net: NetName=GND Pin=GF-75
Added Member To Class: ClassName=Core_1 Member=Component GF Core GoldFinger
Added Room: Name=Core_1
